<?xml version="1.0" encoding="UTF-8"?>
<!-- Generated by org.testng.reporters.JUnitXMLReporter -->
<testsuite ignored="7" hostname="LAPTOP-FR304L32" failures="1" tests="1" name="Default test" time="4.188" errors="0" timestamp="2024-01-17T11:12:01 IST">
  <testcase classname="test.AddToCartTest" name="VerifyProdutsDetailsDisplayedInProductSearchResultIsSimilarToDetailsDisplayedInQuickViewTab" time="1.223">
    <failure type="java.lang.IndexOutOfBoundsException" message="Index 1 out of bounds for length 1">
      <![CDATA[java.lang.IndexOutOfBoundsException: Index 1 out of bounds for length 1
at java.base/jdk.internal.util.Preconditions.outOfBounds(Preconditions.java:64)
at java.base/jdk.internal.util.Preconditions.outOfBoundsCheckIndex(Preconditions.java:70)
at java.base/jdk.internal.util.Preconditions.checkIndex(Preconditions.java:266)
at java.base/java.util.Objects.checkIndex(Objects.java:361)
at java.base/java.util.ArrayList.get(ArrayList.java:427)
at java.base/jdk.internal.reflect.NativeMethodAccessorImpl.invoke0(Native Method)
at java.base/jdk.internal.reflect.NativeMethodAccessorImpl.invoke(NativeMethodAccessorImpl.java:77)
at java.base/jdk.internal.reflect.DelegatingMethodAccessorImpl.invoke(DelegatingMethodAccessorImpl.java:43)
at java.base/java.lang.reflect.Method.invoke(Method.java:568)
at org.openqa.selenium.support.pagefactory.internal.LocatingElementListHandler.invoke(LocatingElementListHandler.java:39)
at jdk.proxy2/jdk.proxy2.$Proxy12.get(Unknown Source)
at pom.ProductQuickViewPage.getProductName(ProductQuickViewPage.java:24)
at test.AddToCartTest.VerifyProdutsDetailsDisplayedInProductSearchResultIsSimilarToDetailsDisplayedInQuickViewTab(AddToCartTest.java:126)
at java.base/jdk.internal.reflect.NativeMethodAccessorImpl.invoke0(Native Method)
at java.base/jdk.internal.reflect.NativeMethodAccessorImpl.invoke(NativeMethodAccessorImpl.java:77)
at java.base/jdk.internal.reflect.DelegatingMethodAccessorImpl.invoke(DelegatingMethodAccessorImpl.java:43)
at java.base/java.lang.reflect.Method.invoke(Method.java:568)
at org.testng.internal.invokers.MethodInvocationHelper.invokeMethod(MethodInvocationHelper.java:139)
at org.testng.internal.invokers.TestInvoker.invokeMethod(TestInvoker.java:664)
at org.testng.internal.invokers.TestInvoker.invokeTestMethod(TestInvoker.java:227)
at org.testng.internal.invokers.MethodRunner.runInSequence(MethodRunner.java:50)
at org.testng.internal.invokers.TestInvoker$MethodInvocationAgent.invoke(TestInvoker.java:957)
at org.testng.internal.invokers.TestInvoker.invokeTestMethods(TestInvoker.java:200)
at org.testng.internal.invokers.TestMethodWorker.invokeTestMethods(TestMethodWorker.java:148)
at org.testng.internal.invokers.TestMethodWorker.run(TestMethodWorker.java:128)
at java.base/java.util.ArrayList.forEach(ArrayList.java:1511)
at org.testng.TestRunner.privateRun(TestRunner.java:848)
at org.testng.TestRunner.run(TestRunner.java:621)
at org.testng.SuiteRunner.runTest(SuiteRunner.java:443)
at org.testng.SuiteRunner.runSequentially(SuiteRunner.java:437)
at org.testng.SuiteRunner.privateRun(SuiteRunner.java:397)
at org.testng.SuiteRunner.run(SuiteRunner.java:336)
at org.testng.SuiteRunnerWorker.runSuite(SuiteRunnerWorker.java:52)
at org.testng.SuiteRunnerWorker.run(SuiteRunnerWorker.java:95)
at org.testng.TestNG.runSuitesSequentially(TestNG.java:1280)
at org.testng.TestNG.runSuitesLocally(TestNG.java:1200)
at org.testng.TestNG.runSuites(TestNG.java:1114)
at org.testng.TestNG.run(TestNG.java:1082)
at org.testng.remote.AbstractRemoteTestNG.run(AbstractRemoteTestNG.java:115)
at org.testng.remote.RemoteTestNG.initAndRun(RemoteTestNG.java:251)
at org.testng.remote.RemoteTestNG.main(RemoteTestNG.java:77)
]]>
    </failure>
  </testcase> <!-- VerifyProdutsDetailsDisplayedInProductSearchResultIsSimilarToDetailsDisplayedInQuickViewTab -->
  <testcase classname="test.AddToCartTest" name="verifyIfUserAbleToRemoveProductFromCart" time="0.0">
    <ignored/>
  </testcase> <!-- verifyIfUserAbleToRemoveProductFromCart -->
  <testcase classname="test.AddToCartTest" name="verifyIfProductDetailOnShoppingCartAreSimilarToProductAddedFromQuickViewTab" time="0.0">
    <ignored/>
  </testcase> <!-- verifyIfProductDetailOnShoppingCartAreSimilarToProductAddedFromQuickViewTab -->
  <testcase classname="test.AddToCartTest" name="verifyIfUserIsAbleToAddMultipleProductToCart" time="0.0">
    <ignored/>
  </testcase> <!-- verifyIfUserIsAbleToAddMultipleProductToCart -->
  <testcase classname="test.AddToCartTest" name="addSingleProductToCartAndVerifyIfUnitPricePlusShippingPriceIsEqualToOrderAmount" time="0.0">
    <ignored/>
  </testcase> <!-- addSingleProductToCartAndVerifyIfUnitPricePlusShippingPriceIsEqualToOrderAmount -->
  <testcase classname="test.AddToCartTest" name="addTwoProductToCartAndVerifyIfUnitPricePlusShippingPriceIsEqualToOrderAmountAndVerifyIfSumOfOrderAmountIsEqualToCartAmount" time="0.0">
    <ignored/>
  </testcase> <!-- addTwoProductToCartAndVerifyIfUnitPricePlusShippingPriceIsEqualToOrderAmountAndVerifyIfSumOfOrderAmountIsEqualToCartAmount -->
  <testcase classname="test.AddToCartTest" name="verifyIfUserIsAbleToAddProductToCartUsingQuickViewOption" time="0.0">
    <ignored/>
  </testcase> <!-- verifyIfUserIsAbleToAddProductToCartUsingQuickViewOption -->
  <testcase classname="test.AddToCartTest" name="verifyIfUserAbleToAddToCartUsingProductDescription" time="0.0">
    <ignored/>
  </testcase> <!-- verifyIfUserAbleToAddToCartUsingProductDescription -->
</testsuite> <!-- Default test -->
