<?xml version="1.0" encoding="UTF-8"?>
<!-- Generated by org.testng.reporters.JUnitXMLReporter -->
<testsuite ignored="0" hostname="LAPTOP-FR304L32" failures="1" tests="8" name="EdgeTest" time="173.43" errors="0" timestamp="2024-01-10T09:47:22 IST">
  <testcase classname="test.AddToCartTest" name="verifyIfUserAbleToAddToCartUsingProductDescription" time="2.358"/>
  <testcase classname="test.AddToCartTest" name="verifyIfUserAbleToRemoveProductFromCart" time="2.064"/>
  <testcase classname="test.AddToCartTest" name="verifyIfUserIsAbleToAddMultipleProductToCart" time="12.168">
    <failure type="org.openqa.selenium.TimeoutException" message="Expected condition failed: waiting for visibility of [[EdgeDriver: MicrosoftEdge on windows (c9d1736a3c8008ece89c9907c4a3e47a)] -&amp;gt; xpath: (//a[@onclick=&amp;apos;cart.submitOrder()&amp;apos;])[1]] (tried for 9 second(s) with 500 milliseconds interval)
Build info: version: &amp;apos;4.16.0&amp;apos;, revision: &amp;apos;15400459dd*&amp;apos;
System info: os.name: &amp;apos;Windows 11&amp;apos;, os.arch: &amp;apos;amd64&amp;apos;, os.version: &amp;apos;10.0&amp;apos;, java.version: &amp;apos;17.0.7&amp;apos;
Driver info: org.openqa.selenium.edge.EdgeDriver
Capabilities {acceptInsecureCerts: false, browserName: MicrosoftEdge, browserVersion: 120.0.2210.121, fedcm:accounts: true, ms:edgeOptions: {debuggerAddress: localhost:52858}, msedge: {msedgedriverVersion: 120.0.2210.121 (6086ec26a02..., userDataDir: C:\Users\Priyanka\AppData\L...}, networkConnectionEnabled: false, pageLoadStrategy: normal, platformName: windows, proxy: Proxy(), se:cdp: ws://localhost:52858/devtoo..., se:cdpVersion: 120.0.2210.121, setWindowRect: true, strictFileInteractability: false, timeouts: {implicit: 0, pageLoad: 300000, script: 30000}, unhandledPromptBehavior: dismiss and notify, webauthn:extension:credBlob: true, webauthn:extension:largeBlob: true, webauthn:extension:minPinLength: true, webauthn:extension:prf: true, webauthn:virtualAuthenticators: true}
Session ID: c9d1736a3c8008ece89c9907c4a3e47a">
      <![CDATA[org.openqa.selenium.TimeoutException: Expected condition failed: waiting for visibility of [[EdgeDriver: MicrosoftEdge on windows (c9d1736a3c8008ece89c9907c4a3e47a)] -> xpath: (//a[@onclick='cart.submitOrder()'])[1]] (tried for 9 second(s) with 500 milliseconds interval)
Build info: version: '4.16.0', revision: '15400459dd*'
System info: os.name: 'Windows 11', os.arch: 'amd64', os.version: '10.0', java.version: '17.0.7'
Driver info: org.openqa.selenium.edge.EdgeDriver
Capabilities {acceptInsecureCerts: false, browserName: MicrosoftEdge, browserVersion: 120.0.2210.121, fedcm:accounts: true, ms:edgeOptions: {debuggerAddress: localhost:52858}, msedge: {msedgedriverVersion: 120.0.2210.121 (6086ec26a02..., userDataDir: C:\Users\Priyanka\AppData\L...}, networkConnectionEnabled: false, pageLoadStrategy: normal, platformName: windows, proxy: Proxy(), se:cdp: ws://localhost:52858/devtoo..., se:cdpVersion: 120.0.2210.121, setWindowRect: true, strictFileInteractability: false, timeouts: {implicit: 0, pageLoad: 300000, script: 30000}, unhandledPromptBehavior: dismiss and notify, webauthn:extension:credBlob: true, webauthn:extension:largeBlob: true, webauthn:extension:minPinLength: true, webauthn:extension:prf: true, webauthn:virtualAuthenticators: true}
Session ID: c9d1736a3c8008ece89c9907c4a3e47a
at org.openqa.selenium.support.ui.WebDriverWait.timeoutException(WebDriverWait.java:84)
at org.openqa.selenium.support.ui.FluentWait.until(FluentWait.java:229)
at pom.CartPage.getNumberOfProductPresentInCart(CartPage.java:29)
at test.AddToCartTest.verifyIfUserIsAbleToAddMultipleProductToCart(AddToCartTest.java:68)
at java.base/java.util.ArrayList.forEach(ArrayList.java:1511)
... Removed 27 stack frames]]>
    </failure>
  </testcase> <!-- verifyIfUserIsAbleToAddMultipleProductToCart -->
  <testcase classname="test.AddToCartTest" name="verifyIfUserIsAbleToAddProductToCartUsingQuickViewOption" time="2.604"/>
  <testcase classname="test.VerifyShoppingCategoriesTest" name="verifyIfUserIsAbleToAccessShoppingCategories" time="1.22"/>
  <testcase classname="test.VerifyShoppingCategoriesTest" name="verifyIfUserIsAbleToSearchProduct" time="1.017"/>
  <testcase classname="test.ProductSearchTest" name="verifyIfProductsAreDisplayedOnValidSearch" time="1.091"/>
  <testcase classname="test.ProductSearchTest" name="verifyIfProductsAreNotDisplayedOnInvalidSearch" time="110.377"/>
</testsuite> <!-- EdgeTest -->
